<?xml version="1.0" encoding="UTF-8"?>
<testsuite name="com.bookmanagementsystem.controller.AuthorControllerTest" tests="1" skipped="0" failures="1" errors="0" timestamp="2025-01-07T14:18:33" hostname="DESKTOP-03LDBVA" time="0.133">
  <properties/>
  <testcase name="getExample_shouldReturnExampleResponse()" classname="com.bookmanagementsystem.controller.AuthorControllerTest" time="0.133">
    <failure message="java.lang.NullPointerException: Cannot invoke &quot;org.springframework.test.web.servlet.ResultActions.andExpect(org.springframework.test.web.servlet.ResultMatcher)&quot; because the return value of &quot;org.springframework.test.web.servlet.MockMvc.perform(org.springframework.test.web.servlet.RequestBuilder)&quot; is null" type="java.lang.NullPointerException">java.lang.NullPointerException: Cannot invoke &quot;org.springframework.test.web.servlet.ResultActions.andExpect(org.springframework.test.web.servlet.ResultMatcher)&quot; because the return value of &quot;org.springframework.test.web.servlet.MockMvc.perform(org.springframework.test.web.servlet.RequestBuilder)&quot; is null
	at com.bookmanagementsystem.controller.AuthorControllerTest.getExample_shouldReturnExampleResponse(AuthorControllerTest.kt:61)
	at java.base/java.lang.reflect.Method.invoke(Method.java:580)
	at java.base/java.util.ArrayList.forEach(ArrayList.java:1596)
	at java.base/java.util.ArrayList.forEach(ArrayList.java:1596)
</failure>
  </testcase>
  <system-out><![CDATA[23:18:29.613 [Test worker] INFO org.springframework.test.context.support.AnnotationConfigContextLoaderUtils -- Could not detect default configuration classes for test class [com.bookmanagementsystem.controller.AuthorControllerTest]: AuthorControllerTest does not declare any static, non-private, non-final, nested classes annotated with @Configuration.
23:18:29.741 [Test worker] INFO org.springframework.boot.test.context.SpringBootTestContextBootstrapper -- Found @SpringBootConfiguration com.bookmanagementsystem.BootApplication for test class com.bookmanagementsystem.controller.AuthorControllerTest

  .   ____          _            __ _ _
 /\\ / ___'_ __ _ _(_)_ __  __ _ \ \ \ \
( ( )\___ | '_ | '_| | '_ \/ _` | \ \ \ \
 \\/  ___)| |_)| | | | | || (_| |  ) ) ) )
  '  |____| .__|_| |_|_| |_\__, | / / / /
 =========|_|==============|___/=/_/_/_/

 :: Spring Boot ::                (v3.4.1)

2025-01-07T23:18:30.117+09:00  INFO 49916 --- [quo_assignment_db] [    Test worker] c.b.controller.AuthorControllerTest      : Starting AuthorControllerTest using Java 21.0.5 with PID 49916 (started by YUUTA in F:\development\BookManagementSystem)
2025-01-07T23:18:30.120+09:00  INFO 49916 --- [quo_assignment_db] [    Test worker] c.b.controller.AuthorControllerTest      : No active profile set, falling back to 1 default profile: "default"
2025-01-07T23:18:31.428+09:00  INFO 49916 --- [quo_assignment_db] [    Test worker] com.zaxxer.hikari.HikariDataSource       : HikariPool-1 - Starting...
2025-01-07T23:18:31.616+09:00  INFO 49916 --- [quo_assignment_db] [    Test worker] com.zaxxer.hikari.pool.HikariPool        : HikariPool-1 - Added connection org.postgresql.jdbc.PgConnection@6785c9fa
2025-01-07T23:18:31.617+09:00  INFO 49916 --- [quo_assignment_db] [    Test worker] com.zaxxer.hikari.HikariDataSource       : HikariPool-1 - Start completed.
2025-01-07T23:18:31.641+09:00  INFO 49916 --- [quo_assignment_db] [    Test worker] org.flywaydb.core.FlywayExecutor         : Database: jdbc:postgresql://localhost:5432/quo_assignment_db (PostgreSQL 17.2)
2025-01-07T23:18:31.671+09:00  INFO 49916 --- [quo_assignment_db] [    Test worker] o.f.core.internal.command.DbValidate     : Successfully validated 0 migrations (execution time 00:00.014s)
2025-01-07T23:18:31.671+09:00  WARN 49916 --- [quo_assignment_db] [    Test worker] o.f.core.internal.command.DbValidate     : No migrations found. Are your locations set up correctly?
2025-01-07T23:18:31.730+09:00  INFO 49916 --- [quo_assignment_db] [    Test worker] o.f.core.internal.command.DbMigrate      : Current version of schema "public": << Empty Schema >>
2025-01-07T23:18:31.733+09:00  INFO 49916 --- [quo_assignment_db] [    Test worker] o.f.core.internal.command.DbMigrate      : Schema "public" is up to date. No migration necessary.
2025-01-07T23:18:32.682+09:00  INFO 49916 --- [quo_assignment_db] [    Test worker] c.b.controller.AuthorControllerTest      : Started AuthorControllerTest in 2.819 seconds (process running for 4.019)
]]></system-out>
  <system-err><![CDATA[Mockito is currently self-attaching to enable the inline-mock-maker. This will no longer work in future releases of the JDK. Please add Mockito as an agent to your build what is described in Mockito's documentation: https://javadoc.io/doc/org.mockito/mockito-core/latest/org/mockito/Mockito.html#0.3
WARNING: A Java agent has been loaded dynamically (C:\Users\YUUTA\.gradle\caches\modules-2\files-2.1\net.bytebuddy\byte-buddy-agent\1.15.11\a38b16385e867f59a641330f0362ebe742788ed8\byte-buddy-agent-1.15.11.jar)
WARNING: If a serviceability tool is in use, please run with -XX:+EnableDynamicAgentLoading to hide this warning
WARNING: If a serviceability tool is not in use, please run with -Djdk.instrument.traceUsage for more information
WARNING: Dynamic loading of agents will be disallowed by default in a future release
]]></system-err>
</testsuite>
